<?xml version="1.0" encoding="UTF-8"?>
<testng-results ignored="0" total="1" passed="1" failed="0" skipped="0">
  <reporter-output>
  </reporter-output>
  <suite started-at="2024-01-28T06:20:45 UTC" name="Regression" finished-at="2024-01-28T06:20:56 UTC" duration-ms="10548">
    <groups>
    </groups>
    <test started-at="2024-01-28T06:20:45 UTC" name="Valid login with the standard user" finished-at="2024-01-28T06:20:56 UTC" duration-ms="10548">
      <class name="com.luxequality.tests.Login">
        <test-method is-config="true" signature="setup()[pri:0, instance:com.luxequality.tests.Login@71b1176b]" started-at="2024-01-28T06:20:45 UTC" name="setup" finished-at="2024-01-28T06:20:54 UTC" duration-ms="9153" status="PASS">
          <reporter-output>
          </reporter-output>
        </test-method> <!-- setup -->
        <test-method signature="LoginToWebsite()[pri:0, instance:com.luxequality.tests.Login@71b1176b]" started-at="2024-01-28T06:20:54 UTC" name="LoginToWebsite" finished-at="2024-01-28T06:20:55 UTC" duration-ms="1293" status="PASS">
          <reporter-output>
          </reporter-output>
        </test-method> <!-- LoginToWebsite -->
        <test-method is-config="true" signature="tearDown()[pri:0, instance:com.luxequality.tests.Login@71b1176b]" started-at="2024-01-28T06:20:55 UTC" name="tearDown" finished-at="2024-01-28T06:20:56 UTC" duration-ms="78" status="PASS">
          <reporter-output>
          </reporter-output>
        </test-method> <!-- tearDown -->
      </class> <!-- com.luxequality.tests.Login -->
    </test> <!-- Valid login with the standard user -->
  </suite> <!-- Regression -->
</testng-results>
